Using pre-set license
Built from '2020.3/staging' branch; Version is '2020.3.3f1 (76626098c1c4) revision 7758432'; Using compiler version '192528614'; Build Type 'Release'
OS: 'Windows 10 Home; OS build 19042.985; Version 2009; 64bit' Language: 'es' Physical Memory: 8033 MB
BatchMode: 1, IsHumanControllingUs: 0, StartBugReporterOnCrash: 0, Is64bit: 1, IsPro: 0

 COMMAND LINE ARGUMENTS:
C:\Program Files\Unity\Hub\Editor\2020.3.3f1\Editor\Unity.exe
-adb2
-batchMode
-noUpm
-name
AssetImportWorker0
-projectPath
D:/Archivos Edisson/Universidad/UPB/2021-1/Semestre 7/Sensores y Actuadores 2/Sensores-2/unidad_3/PROYECTO/unity/proyecto_unidad3
-logFile
Logs/AssetImportWorker0.log
-srvPort
51293
Successfully changed project path to: D:/Archivos Edisson/Universidad/UPB/2021-1/Semestre 7/Sensores y Actuadores 2/Sensores-2/unidad_3/PROYECTO/unity/proyecto_unidad3
D:/Archivos Edisson/Universidad/UPB/2021-1/Semestre 7/Sensores y Actuadores 2/Sensores-2/unidad_3/PROYECTO/unity/proyecto_unidad3
Using Asset Import Pipeline V2.
Refreshing native plugins compatible for Editor in 21.50 ms, found 0 plugins.
Preloading 0 native plugins for Editor in 0.00 ms.
Initialize engine version: 2020.3.3f1 (76626098c1c4)
[Subsystems] Discovering subsystems at path C:/Program Files/Unity/Hub/Editor/2020.3.3f1/Editor/Data/Resources/UnitySubsystems
[Subsystems] Discovering subsystems at path D:/Archivos Edisson/Universidad/UPB/2021-1/Semestre 7/Sensores y Actuadores 2/Sensores-2/unidad_3/PROYECTO/unity/proyecto_unidad3/Assets
GfxDevice: creating device client; threaded=0
Direct3D:
    Version:  Direct3D 11.0 [level 11.1]
    Renderer: NVIDIA GeForce GTX 1050 (ID=0x1c91)
    Vendor:   
    VRAM:     2996 MB
    Driver:   27.21.14.6647
Initialize mono
Mono path[0] = 'C:/Program Files/Unity/Hub/Editor/2020.3.3f1/Editor/Data/Managed'
Mono path[1] = 'C:/Program Files/Unity/Hub/Editor/2020.3.3f1/Editor/Data/MonoBleedingEdge/lib/mono/unityjit'
Mono config path = 'C:/Program Files/Unity/Hub/Editor/2020.3.3f1/Editor/Data/MonoBleedingEdge/etc'
Using monoOptions --debugger-agent=transport=dt_socket,embedding=1,server=y,suspend=n,address=127.0.0.1:56504
Begin MonoManager ReloadAssembly
Registering precompiled unity dll's ...
Register platform support module: C:/Program Files/Unity/Hub/Editor/2020.3.3f1/Editor/Data/PlaybackEngines/WebGLSupport/UnityEditor.WebGL.Extensions.dll
Register platform support module: C:/Program Files/Unity/Hub/Editor/2020.3.3f1/Editor/Data/PlaybackEngines/WindowsStandaloneSupport/UnityEditor.WindowsStandalone.Extensions.dll
Registered in 0.001890 seconds.
Native extension for WindowsStandalone target not found
Native extension for WebGL target not found
Refreshing native plugins compatible for Editor in 22.38 ms, found 0 plugins.
Preloading 0 native plugins for Editor in 0.00 ms.
Invoked RoslynAnalysisRunner static constructor.
RoslynAnalysisRunner will not be running.
RoslynAnalysisRunner has terminated.
Mono: successfully reloaded assembly
- Completed reload, in  1.746 seconds
Platform modules already initialized, skipping
Registering precompiled user dll's ...
Registered in 0.000468 seconds.
Begin MonoManager ReloadAssembly
Native extension for WindowsStandalone target not found
Native extension for WebGL target not found
Refreshing native plugins compatible for Editor in 0.20 ms, found 0 plugins.
Preloading 0 native plugins for Editor in 0.00 ms.
Invoked RoslynAnalysisRunner static constructor.
RoslynAnalysisRunner will not be running.
RoslynAnalysisRunner has terminated.
Mono: successfully reloaded assembly
- Completed reload, in  0.753 seconds
Platform modules already initialized, skipping
========================================================================
Worker process is ready to serve import requests
Launched and connected shader compiler UnityShaderCompiler.exe after 0.05 seconds
Refreshing native plugins compatible for Editor in 0.21 ms, found 0 plugins.
Preloading 0 native plugins for Editor in 0.00 ms.
Unloading 1118 Unused Serialized files (Serialized files now loaded: 0)
System memory in use before: 57.7 MB.
System memory in use after: 57.7 MB.

Unloading 10 unused Assets to reduce memory usage. Loaded Objects now: 1561.
Total: 1.961500 ms (FindLiveObjects: 0.152600 ms CreateObjectMapping: 0.041900 ms MarkObjects: 1.700200 ms  DeleteObjects: 0.065700 ms)

========================================================================
Received Import Request.
  path: Assets/Icons UI/new icons/sunrise.png
  artifactKey: Guid(a92e8e12daf69a14cb9f7220ece363d0) Importer(815301076,1909f56bfc062723c751e8b465ee728b)
Start importing Assets/Icons UI/new icons/sunrise.png using Guid(a92e8e12daf69a14cb9f7220ece363d0) Importer(815301076,1909f56bfc062723c751e8b465ee728b)  -> (artifact id: '97205d0d4475159e093383c6237bea37') in 0.089483 seconds
  Import took 0.091698 seconds .

========================================================================
Received Import Request.
  Time since last request: 10.816266 seconds.
  path: Assets/Icons UI/new icons/sunrise.png
  artifactKey: Guid(a92e8e12daf69a14cb9f7220ece363d0) Importer(815301076,1909f56bfc062723c751e8b465ee728b)
Start importing Assets/Icons UI/new icons/sunrise.png using Guid(a92e8e12daf69a14cb9f7220ece363d0) Importer(815301076,1909f56bfc062723c751e8b465ee728b)  -> (artifact id: '75f6d98fe4a450fc730377b4001f15b8') in 0.051573 seconds
  Import took 0.053616 seconds .

========================================================================
Received Prepare
Registering precompiled user dll's ...
Registered in 0.000554 seconds.
Begin MonoManager ReloadAssembly
Native extension for WindowsStandalone target not found
Native extension for WebGL target not found
Refreshing native plugins compatible for Editor in 0.27 ms, found 0 plugins.
Preloading 0 native plugins for Editor in 0.00 ms.
Invoked RoslynAnalysisRunner static constructor.
RoslynAnalysisRunner will not be running.
RoslynAnalysisRunner has terminated.
Mono: successfully reloaded assembly
- Completed reload, in  1.092 seconds
Platform modules already initialized, skipping
Refreshing native plugins compatible for Editor in 0.23 ms, found 0 plugins.
Preloading 0 native plugins for Editor in 0.00 ms.
Unloading 1113 Unused Serialized files (Serialized files now loaded: 0)
System memory in use before: 60.7 MB.
System memory in use after: 60.7 MB.

Unloading 5 unused Assets to reduce memory usage. Loaded Objects now: 1570.
Total: 3.617000 ms (FindLiveObjects: 0.380400 ms CreateObjectMapping: 0.193200 ms MarkObjects: 2.936300 ms  DeleteObjects: 0.104300 ms)

========================================================================
Received Import Request.
  Time since last request: 935.789502 seconds.
  path: Assets/Icons UI/new icons/panel_configuracion_blanco.png
  artifactKey: Guid(d5d21e35d6cd0d14f8797ab8cf118b81) Importer(815301076,1909f56bfc062723c751e8b465ee728b)
Start importing Assets/Icons UI/new icons/panel_configuracion_blanco.png using Guid(d5d21e35d6cd0d14f8797ab8cf118b81) Importer(815301076,1909f56bfc062723c751e8b465ee728b)  -> (artifact id: 'a7920cfe8505f54112565f572801a44d') in 0.223251 seconds
  Import took 0.315020 seconds .

========================================================================
Received Import Request.
  Time since last request: 9.922759 seconds.
  path: Assets/Icons UI/new icons/panel_configuracion_blanco.png
  artifactKey: Guid(d5d21e35d6cd0d14f8797ab8cf118b81) Importer(815301076,1909f56bfc062723c751e8b465ee728b)
Start importing Assets/Icons UI/new icons/panel_configuracion_blanco.png using Guid(d5d21e35d6cd0d14f8797ab8cf118b81) Importer(815301076,1909f56bfc062723c751e8b465ee728b)  -> (artifact id: 'addb0397b33b9b0104d70751e183d8cb') in 0.172663 seconds
  Import took 0.225469 seconds .

========================================================================
Received Import Request.
  Time since last request: 164.732841 seconds.
  path: Assets/Icons UI/new icons/mountain.png
  artifactKey: Guid(6c2626dc75c79364ba8d8e89e4589132) Importer(815301076,1909f56bfc062723c751e8b465ee728b)
Start importing Assets/Icons UI/new icons/mountain.png using Guid(6c2626dc75c79364ba8d8e89e4589132) Importer(815301076,1909f56bfc062723c751e8b465ee728b)  -> (artifact id: '96eeed8df7a6f64f98848c993b0a3d2b') in 0.161888 seconds
  Import took 0.208367 seconds .

========================================================================
Received Import Request.
  Time since last request: 6.236815 seconds.
  path: Assets/Icons UI/new icons/mountain.png
  artifactKey: Guid(6c2626dc75c79364ba8d8e89e4589132) Importer(815301076,1909f56bfc062723c751e8b465ee728b)
Start importing Assets/Icons UI/new icons/mountain.png using Guid(6c2626dc75c79364ba8d8e89e4589132) Importer(815301076,1909f56bfc062723c751e8b465ee728b)  -> (artifact id: '6192a46da4a8978a4c96b0e09a4a62a2') in 0.235121 seconds
  Import took 0.308092 seconds .

========================================================================
Received Prepare
Registering precompiled user dll's ...
Registered in 0.002255 seconds.
Begin MonoManager ReloadAssembly
Native extension for WindowsStandalone target not found
Native extension for WebGL target not found
Refreshing native plugins compatible for Editor in 1.25 ms, found 0 plugins.
Preloading 0 native plugins for Editor in 0.00 ms.
Invoked RoslynAnalysisRunner static constructor.
RoslynAnalysisRunner will not be running.
RoslynAnalysisRunner has terminated.
Mono: successfully reloaded assembly
- Completed reload, in 29.536 seconds
Platform modules already initialized, skipping
Refreshing native plugins compatible for Editor in 0.78 ms, found 0 plugins.
Preloading 0 native plugins for Editor in 0.00 ms.
Unloading 1113 Unused Serialized files (Serialized files now loaded: 0)
System memory in use before: 60.7 MB.
System memory in use after: 60.8 MB.

Unloading 5 unused Assets to reduce memory usage. Loaded Objects now: 1577.
Total: 234.949000 ms (FindLiveObjects: 4.186600 ms CreateObjectMapping: 53.443600 ms MarkObjects: 177.219700 ms  DeleteObjects: 0.090900 ms)

========================================================================
Received Prepare
Registering precompiled user dll's ...
Registered in 0.031297 seconds.
Begin MonoManager ReloadAssembly
Native extension for WindowsStandalone target not found
Native extension for WebGL target not found
Refreshing native plugins compatible for Editor in 0.43 ms, found 0 plugins.
Preloading 0 native plugins for Editor in 0.00 ms.
Invoked RoslynAnalysisRunner static constructor.
RoslynAnalysisRunner will not be running.
RoslynAnalysisRunner has terminated.
Mono: successfully reloaded assembly
- Completed reload, in 40.995 seconds
Platform modules already initialized, skipping
Refreshing native plugins compatible for Editor in 1.32 ms, found 0 plugins.
Preloading 0 native plugins for Editor in 0.00 ms.
Unloading 1113 Unused Serialized files (Serialized files now loaded: 0)
System memory in use before: 60.7 MB.
System memory in use after: 60.8 MB.

Unloading 5 unused Assets to reduce memory usage. Loaded Objects now: 1580.
Total: 36.597000 ms (FindLiveObjects: 9.885700 ms CreateObjectMapping: 3.366100 ms MarkObjects: 22.839600 ms  DeleteObjects: 0.500500 ms)

========================================================================
Received Prepare
Registering precompiled user dll's ...
Registered in 0.187614 seconds.
Begin MonoManager ReloadAssembly
Native extension for WindowsStandalone target not found
Native extension for WebGL target not found
Refreshing native plugins compatible for Editor in 6.94 ms, found 0 plugins.
Preloading 0 native plugins for Editor in 0.00 ms.
Invoked RoslynAnalysisRunner static constructor.
RoslynAnalysisRunner will not be running.
RoslynAnalysisRunner has terminated.
Mono: successfully reloaded assembly
- Completed reload, in 30.109 seconds
Platform modules already initialized, skipping
Refreshing native plugins compatible for Editor in 1.01 ms, found 0 plugins.
Preloading 0 native plugins for Editor in 0.00 ms.
Unloading 1113 Unused Serialized files (Serialized files now loaded: 0)
System memory in use before: 60.7 MB.
System memory in use after: 60.8 MB.

Unloading 5 unused Assets to reduce memory usage. Loaded Objects now: 1583.
Total: 2.989200 ms (FindLiveObjects: 0.625400 ms CreateObjectMapping: 0.105700 ms MarkObjects: 2.161500 ms  DeleteObjects: 0.093600 ms)

========================================================================
Received Import Request.
  Time since last request: 1836.833987 seconds.
  path: Assets/Icons UI/new icons/mountain (1).png
  artifactKey: Guid(b54202ca140076140bbc3beb4bf35f21) Importer(815301076,1909f56bfc062723c751e8b465ee728b)
Start importing Assets/Icons UI/new icons/mountain (1).png using Guid(b54202ca140076140bbc3beb4bf35f21) Importer(815301076,1909f56bfc062723c751e8b465ee728b)  -> (artifact id: 'df76b44354c389b72d3cc8ab550a18da') in 3.655536 seconds
  Import took 3.753103 seconds .

========================================================================
Received Import Request.
  Time since last request: 0.175147 seconds.
  path: Assets/Icons UI/new icons/mountain (1).png
  artifactKey: Guid(b54202ca140076140bbc3beb4bf35f21) Importer(815301076,1909f56bfc062723c751e8b465ee728b)
Start importing Assets/Icons UI/new icons/mountain (1).png using Guid(b54202ca140076140bbc3beb4bf35f21) Importer(815301076,1909f56bfc062723c751e8b465ee728b)  -> (artifact id: 'df76b44354c389b72d3cc8ab550a18da') in 0.417039 seconds
  Import took 0.522334 seconds .

========================================================================
Received Import Request.
  Time since last request: 1.093576 seconds.
  path: Assets/Icons UI/new icons/mountain (1).png
  artifactKey: Guid(b54202ca140076140bbc3beb4bf35f21) Importer(815301076,1909f56bfc062723c751e8b465ee728b)
Start importing Assets/Icons UI/new icons/mountain (1).png using Guid(b54202ca140076140bbc3beb4bf35f21) Importer(815301076,1909f56bfc062723c751e8b465ee728b)  -> (artifact id: '2dcdf5f968b58d9b44ecfae7f542953a') in 1.240353 seconds
  Import took 1.337149 seconds .

========================================================================
Received Import Request.
  Time since last request: 569.550278 seconds.
  path: Assets/Icons UI/new icons/fondo_setClock.png
  artifactKey: Guid(48ec92d6f035d0c41bcf53371127c189) Importer(815301076,1909f56bfc062723c751e8b465ee728b)
Start importing Assets/Icons UI/new icons/fondo_setClock.png using Guid(48ec92d6f035d0c41bcf53371127c189) Importer(815301076,1909f56bfc062723c751e8b465ee728b)  -> (artifact id: 'c0fd52a32a96a001c8376e5b1909f71b') in 0.239388 seconds
  Import took 0.542750 seconds .

========================================================================
Received Import Request.
  Time since last request: 8.503139 seconds.
  path: Assets/Icons UI/new icons/fondo_setClock.png
  artifactKey: Guid(48ec92d6f035d0c41bcf53371127c189) Importer(815301076,1909f56bfc062723c751e8b465ee728b)
Start importing Assets/Icons UI/new icons/fondo_setClock.png using Guid(48ec92d6f035d0c41bcf53371127c189) Importer(815301076,1909f56bfc062723c751e8b465ee728b)  -> (artifact id: '40422098251d04de36a2022a55e42c1b') in 0.621373 seconds
  Import took 0.693561 seconds .

========================================================================
Received Prepare
Registering precompiled user dll's ...
Registered in 0.002648 seconds.
Begin MonoManager ReloadAssembly
Native extension for WindowsStandalone target not found
Native extension for WebGL target not found
Refreshing native plugins compatible for Editor in 1.03 ms, found 0 plugins.
Preloading 0 native plugins for Editor in 0.00 ms.
Invoked RoslynAnalysisRunner static constructor.
RoslynAnalysisRunner will not be running.
RoslynAnalysisRunner has terminated.
Mono: successfully reloaded assembly
- Completed reload, in  8.274 seconds
Platform modules already initialized, skipping
Refreshing native plugins compatible for Editor in 1.14 ms, found 0 plugins.
Preloading 0 native plugins for Editor in 0.00 ms.
Unloading 1113 Unused Serialized files (Serialized files now loaded: 0)
System memory in use before: 60.7 MB.
System memory in use after: 60.8 MB.

Unloading 5 unused Assets to reduce memory usage. Loaded Objects now: 1587.
Total: 3.141900 ms (FindLiveObjects: 0.443000 ms CreateObjectMapping: 0.273500 ms MarkObjects: 2.203000 ms  DeleteObjects: 0.218200 ms)

========================================================================
Received Prepare
Registering precompiled user dll's ...
Registered in 0.001166 seconds.
Begin MonoManager ReloadAssembly
Native extension for WindowsStandalone target not found
Native extension for WebGL target not found
Refreshing native plugins compatible for Editor in 0.33 ms, found 0 plugins.
Preloading 0 native plugins for Editor in 0.00 ms.
Invoked RoslynAnalysisRunner static constructor.
RoslynAnalysisRunner will not be running.
RoslynAnalysisRunner has terminated.
Mono: successfully reloaded assembly
- Completed reload, in  1.014 seconds
Platform modules already initialized, skipping
Refreshing native plugins compatible for Editor in 0.24 ms, found 0 plugins.
Preloading 0 native plugins for Editor in 0.00 ms.
Unloading 1113 Unused Serialized files (Serialized files now loaded: 0)
System memory in use before: 60.7 MB.
System memory in use after: 60.8 MB.

Unloading 5 unused Assets to reduce memory usage. Loaded Objects now: 1590.
Total: 2.171600 ms (FindLiveObjects: 0.148500 ms CreateObjectMapping: 0.039300 ms MarkObjects: 1.932300 ms  DeleteObjects: 0.050400 ms)

========================================================================
Received Prepare
Registering precompiled user dll's ...
Registered in 0.000470 seconds.
Begin MonoManager ReloadAssembly
Native extension for WindowsStandalone target not found
Native extension for WebGL target not found
Refreshing native plugins compatible for Editor in 0.31 ms, found 0 plugins.
Preloading 0 native plugins for Editor in 0.00 ms.
Invoked RoslynAnalysisRunner static constructor.
RoslynAnalysisRunner will not be running.
RoslynAnalysisRunner has terminated.
Mono: successfully reloaded assembly
- Completed reload, in  0.965 seconds
Platform modules already initialized, skipping
Refreshing native plugins compatible for Editor in 0.45 ms, found 0 plugins.
Preloading 0 native plugins for Editor in 0.00 ms.
Unloading 1113 Unused Serialized files (Serialized files now loaded: 0)
System memory in use before: 60.8 MB.
System memory in use after: 60.8 MB.

Unloading 5 unused Assets to reduce memory usage. Loaded Objects now: 1593.
Total: 2.069200 ms (FindLiveObjects: 0.485700 ms CreateObjectMapping: 0.199800 ms MarkObjects: 1.334100 ms  DeleteObjects: 0.046500 ms)

========================================================================
Received Prepare
Registering precompiled user dll's ...
Registered in 0.001787 seconds.
Begin MonoManager ReloadAssembly
Native extension for WindowsStandalone target not found
Native extension for WebGL target not found
Refreshing native plugins compatible for Editor in 1.42 ms, found 0 plugins.
Preloading 0 native plugins for Editor in 0.00 ms.
Invoked RoslynAnalysisRunner static constructor.
RoslynAnalysisRunner will not be running.
RoslynAnalysisRunner has terminated.
Mono: successfully reloaded assembly
- Completed reload, in  0.962 seconds
Platform modules already initialized, skipping
Refreshing native plugins compatible for Editor in 0.24 ms, found 0 plugins.
Preloading 0 native plugins for Editor in 0.00 ms.
Unloading 1113 Unused Serialized files (Serialized files now loaded: 0)
System memory in use before: 60.8 MB.
System memory in use after: 60.8 MB.

Unloading 5 unused Assets to reduce memory usage. Loaded Objects now: 1596.
Total: 4.534800 ms (FindLiveObjects: 0.419400 ms CreateObjectMapping: 0.384700 ms MarkObjects: 3.675500 ms  DeleteObjects: 0.052400 ms)

========================================================================
Received Prepare
Registering precompiled user dll's ...
Registered in 0.000651 seconds.
Begin MonoManager ReloadAssembly
Native extension for WindowsStandalone target not found
Native extension for WebGL target not found
Refreshing native plugins compatible for Editor in 0.45 ms, found 0 plugins.
Preloading 0 native plugins for Editor in 0.00 ms.
Invoked RoslynAnalysisRunner static constructor.
RoslynAnalysisRunner will not be running.
RoslynAnalysisRunner has terminated.
Mono: successfully reloaded assembly
- Completed reload, in  1.026 seconds
Platform modules already initialized, skipping
Refreshing native plugins compatible for Editor in 0.29 ms, found 0 plugins.
Preloading 0 native plugins for Editor in 0.00 ms.
Unloading 1113 Unused Serialized files (Serialized files now loaded: 0)
System memory in use before: 60.8 MB.
System memory in use after: 60.8 MB.

Unloading 5 unused Assets to reduce memory usage. Loaded Objects now: 1599.
Total: 2.222600 ms (FindLiveObjects: 0.230000 ms CreateObjectMapping: 0.085300 ms MarkObjects: 1.855700 ms  DeleteObjects: 0.050100 ms)

========================================================================
Received Prepare
Registering precompiled user dll's ...
Registered in 0.000641 seconds.
Begin MonoManager ReloadAssembly
Native extension for WindowsStandalone target not found
Native extension for WebGL target not found
Refreshing native plugins compatible for Editor in 0.29 ms, found 0 plugins.
Preloading 0 native plugins for Editor in 0.00 ms.
Invoked RoslynAnalysisRunner static constructor.
RoslynAnalysisRunner will not be running.
RoslynAnalysisRunner has terminated.
Mono: successfully reloaded assembly
- Completed reload, in  1.155 seconds
Platform modules already initialized, skipping
Refreshing native plugins compatible for Editor in 0.32 ms, found 0 plugins.
Preloading 0 native plugins for Editor in 0.00 ms.
Unloading 1113 Unused Serialized files (Serialized files now loaded: 0)
System memory in use before: 60.8 MB.
System memory in use after: 60.8 MB.

Unloading 5 unused Assets to reduce memory usage. Loaded Objects now: 1602.
Total: 2.709900 ms (FindLiveObjects: 0.308300 ms CreateObjectMapping: 0.127000 ms MarkObjects: 2.218900 ms  DeleteObjects: 0.054500 ms)

========================================================================
Received Import Request.
  Time since last request: 4750.512884 seconds.
  path: Assets/Scripts/App.cs
  artifactKey: Guid(3e7d6864e8421f7429ae4809c52d08d3) Importer(815301076,1909f56bfc062723c751e8b465ee728b)
Start importing Assets/Scripts/App.cs using Guid(3e7d6864e8421f7429ae4809c52d08d3) Importer(815301076,1909f56bfc062723c751e8b465ee728b)  -> (artifact id: '38682f616597b365e1b213fad9a5c85c') in 0.019341 seconds
  Import took 0.049556 seconds .

AssetImportWorkerClient::OnTransportError - code=2 error=End of file
